d:\oop\th\roadcrossing\roadcrossing\debug\vc141.pdb
d:\oop\th\roadcrossing\roadcrossing\debug\vc141.idb
d:\oop\th\roadcrossing\roadcrossing\debug\interface.obj
d:\oop\th\roadcrossing\roadcrossing\debug\cvehicle.obj
d:\oop\th\roadcrossing\roadcrossing\debug\ctruck.obj
d:\oop\th\roadcrossing\roadcrossing\debug\cpeople.obj
d:\oop\th\roadcrossing\roadcrossing\debug\cgame.obj
d:\oop\th\roadcrossing\roadcrossing\debug\cdinausor.obj
d:\oop\th\roadcrossing\roadcrossing\debug\ccar.obj
d:\oop\th\roadcrossing\roadcrossing\debug\cbird.obj
d:\oop\th\roadcrossing\roadcrossing\debug\canimal.obj
d:\oop\th\roadcrossing\roadcrossing\debug\main.obj
d:\oop\th\roadcrossing\roadcrossing\debug\config.obj
d:\oop\th\roadcrossing\roadcrossing\debug\cgameobject.obj
d:\oop\th\roadcrossing\debug\roadcrossing.exe
d:\oop\th\roadcrossing\debug\roadcrossing.ilk
d:\oop\th\roadcrossing\debug\roadcrossing.pdb
d:\oop\th\roadcrossing\roadcrossing\debug\main.obj.enc
d:\oop\th\roadcrossing\roadcrossing\debug\roadcrossing.tlog\cl.command.1.tlog
d:\oop\th\roadcrossing\roadcrossing\debug\roadcrossing.tlog\cl.read.1.tlog
d:\oop\th\roadcrossing\roadcrossing\debug\roadcrossing.tlog\cl.write.1.tlog
d:\oop\th\roadcrossing\roadcrossing\debug\roadcrossing.tlog\link.command.1.tlog
d:\oop\th\roadcrossing\roadcrossing\debug\roadcrossing.tlog\link.read.1.tlog
d:\oop\th\roadcrossing\roadcrossing\debug\roadcrossing.tlog\link.write.1.tlog
